<?xml version="1.0" encoding="UTF-8"?>
<!-- Generated by org.testng.reporters.JUnitReportReporter -->
<testsuite hostname="EC2AMAZ-6D3ISV7" failures="0" tests="8" name="Sprints.June07" time="11.834" errors="1" timestamp="2022-06-17T01:27:22 UTC" skipped="0">
  <testcase classname="Sprints.June07" name="openApp" time="6.487"/>
  <system-out/>
  <testcase classname="Sprints.June07" name="createAccount" time="0.013">
    <error message="Unresolved compilation problem: 
	The method clik() is undefined for the type WebElement
" type="java.lang.Error">
      <![CDATA[java.lang.Error: Unresolved compilation problem: 
The method clik() is undefined for the type WebElement

at Sprints.June07.createAccount(June07.java:31)
at java.base/jdk.internal.reflect.NativeMethodAccessorImpl.invoke0(Native Method)
at java.base/jdk.internal.reflect.NativeMethodAccessorImpl.invoke(NativeMethodAccessorImpl.java:77)
at java.base/jdk.internal.reflect.DelegatingMethodAccessorImpl.invoke(DelegatingMethodAccessorImpl.java:43)
at java.base/java.lang.reflect.Method.invoke(Method.java:568)
at org.testng.internal.MethodInvocationHelper.invokeMethod(MethodInvocationHelper.java:133)
at org.testng.internal.TestInvoker.invokeMethod(TestInvoker.java:598)
at org.testng.internal.TestInvoker.invokeTestMethod(TestInvoker.java:173)
at org.testng.internal.MethodRunner.runInSequence(MethodRunner.java:46)
at org.testng.internal.TestInvoker$MethodInvocationAgent.invoke(TestInvoker.java:824)
at org.testng.internal.TestInvoker.invokeTestMethods(TestInvoker.java:146)
at org.testng.internal.TestMethodWorker.invokeTestMethods(TestMethodWorker.java:146)
at org.testng.internal.TestMethodWorker.run(TestMethodWorker.java:128)
at java.base/java.util.ArrayList.forEach(ArrayList.java:1511)
at org.testng.TestRunner.privateRun(TestRunner.java:794)
at org.testng.TestRunner.run(TestRunner.java:596)
at org.testng.SuiteRunner.runTest(SuiteRunner.java:377)
at org.testng.SuiteRunner.access$000(SuiteRunner.java:28)
at org.testng.SuiteRunner$SuiteWorker.run(SuiteRunner.java:418)
at org.testng.internal.thread.ThreadUtil.lambda$execute$0(ThreadUtil.java:64)
at java.base/java.util.concurrent.FutureTask.run(FutureTask.java:264)
at java.base/java.util.concurrent.ThreadPoolExecutor.runWorker(ThreadPoolExecutor.java:1136)
at java.base/java.util.concurrent.ThreadPoolExecutor$Worker.run(ThreadPoolExecutor.java:635)
at java.base/java.lang.Thread.run(Thread.java:833)
]]>
    </error>
  </testcase> <!-- createAccount -->
  <system-out/>
  <testcase classname="Sprints.June07" name="clickSignIn" time="2.447"/>
  <system-out/>
  <testcase classname="Sprints.June07" name="Emailaddress" time="0.449"/>
  <system-out/>
  <testcase classname="Sprints.June07" name="Emailaddress" time="0.387"/>
  <system-out/>
  <testcase classname="Sprints.June07" name="Emailaddress" time="0.418"/>
  <system-out/>
  <testcase classname="Sprints.June07" name="Emailaddress" time="0.801"/>
  <system-out/>
  <testcase classname="Sprints.June07" name="Emailaddress" time="0.832"/>
  <system-out/>
</testsuite> <!-- Sprints.June07 -->
