<?xml version="1.0" encoding="UTF-8"?>
<!-- Generated by org.testng.reporters.JUnitReportReporter -->
<testsuite hostname="EC2AMAZ-6D3ISV7" failures="0" tests="2" name="Sprints.June16" time="2.002" errors="0" timestamp="2022-06-17T01:24:40 UTC" skipped="0">
  <testcase classname="Sprints.June16" name="SignIn" time="1.783"/>
  <system-out/>
  <testcase classname="Sprints.June16" name="EmailInfo" time="0.219"/>
  <system-out/>
</testsuite> <!-- Sprints.June16 -->
