<?xml version="1.0" encoding="UTF-8"?>
<!-- Generated by org.testng.reporters.JUnitReportReporter -->
<testsuite hostname="EC2AMAZ-6D3ISV7" failures="0" tests="1" name="Testmodel.june21" time="47.588" errors="0" timestamp="2022-06-29T01:36:37 UTC" skipped="0">
  <testcase classname="Testmodel.june21" name="run1" time="47.588"/>
  <system-out/>
</testsuite> <!-- Testmodel.june21 -->
