<?xml version="1.0" encoding="UTF-8"?>
<!-- Generated by org.testng.reporters.JUnitReportReporter -->
<testsuite hostname="EC2AMAZ-6D3ISV7" failures="0" tests="1" name="testModelEdge.june29th" time="0.000" errors="0" timestamp="2022-07-01T01:52:30 UTC" skipped="1">
  <testcase classname="testModelEdge.june29th" name="run3" time="0.000">
    <skipped/>
  </testcase> <!-- run3 -->
  <system-out/>
</testsuite> <!-- testModelEdge.june29th -->
