<?xml version="1.0" encoding="UTF-8"?>
<!-- Generated by org.testng.reporters.JUnitReportReporter -->
<testsuite hostname="EC2AMAZ-6D3ISV7" failures="0" tests="3" name="Sprints.June14" time="7.380" errors="0" timestamp="2022-06-21T00:03:21 UTC" skipped="0">
  <testcase classname="Sprints.June14" name="ClickMr" time="3.190"/>
  <system-out/>
  <testcase classname="Sprints.June14" name="ClickContact1" time="2.757"/>
  <system-out/>
  <testcase classname="Sprints.June14" name="ClickContact2" time="1.433"/>
  <system-out/>
</testsuite> <!-- Sprints.June14 -->
