<?xml version="1.0" encoding="UTF-8"?>
<!-- Generated by org.testng.reporters.JUnitReportReporter -->
<testsuite hostname="EC2AMAZ-6D3ISV7" failures="0" tests="2" name="Sprints.June16" time="3.660" errors="0" timestamp="2022-06-21T00:03:21 UTC" skipped="0">
  <testcase classname="Sprints.June16" name="SignIn" time="3.339"/>
  <system-out/>
  <testcase classname="Sprints.June16" name="EmailInfo" time="0.321"/>
  <system-out/>
</testsuite> <!-- Sprints.June16 -->
